  소스.c
C:\project\과제 8주차 1번째 큐\과제 8주차 1번째 큐\소스.c(12,2): error C2061: 구문 오류: 식별자 'Node'
C:\project\과제 8주차 1번째 큐\과제 8주차 1번째 큐\소스.c(13,6): error C2143: 구문 오류: '{'이(가) '*' 앞에 없습니다.
C:\project\과제 8주차 1번째 큐\과제 8주차 1번째 큐\소스.c(14,1): error C2059: 구문 오류: '}'
C:\project\과제 8주차 1번째 큐\과제 8주차 1번째 큐\소스.c(16,5): error C2143: 구문 오류: '{'이(가) '*' 앞에 없습니다.
C:\project\과제 8주차 1번째 큐\과제 8주차 1번째 큐\소스.c(17,5): error C2143: 구문 오류: '{'이(가) '*' 앞에 없습니다.
C:\project\과제 8주차 1번째 큐\과제 8주차 1번째 큐\소스.c(20,5): error C2143: 구문 오류: '{'이(가) '*' 앞에 없습니다.
C:\project\과제 8주차 1번째 큐\과제 8주차 1번째 큐\소스.c(24,15): error C2065: 'Node': 선언되지 않은 식별자입니다.
C:\project\과제 8주차 1번째 큐\과제 8주차 1번째 큐\소스.c(24,16): error C2059: 구문 오류: ')'
C:\project\과제 8주차 1번째 큐\과제 8주차 1번째 큐\소스.c(25,9): error C2223: '->value' 왼쪽은 구조체/공용 구조체를 가리켜야 합니다.
C:\project\과제 8주차 1번째 큐\과제 8주차 1번째 큐\소스.c(26,9): error C2223: '->next' 왼쪽은 구조체/공용 구조체를 가리켜야 합니다.
C:\project\과제 8주차 1번째 큐\과제 8주차 1번째 큐\소스.c(27,9): error C2223: '->prev' 왼쪽은 구조체/공용 구조체를 가리켜야 합니다.
C:\project\과제 8주차 1번째 큐\과제 8주차 1번째 큐\소스.c(33,7): error C2065: 'Node': 선언되지 않은 식별자입니다.
C:\project\과제 8주차 1번째 큐\과제 8주차 1번째 큐\소스.c(33,19): error C2065: 'tail_prev': 선언되지 않은 식별자입니다.
C:\project\과제 8주차 1번째 큐\과제 8주차 1번째 큐\소스.c(33,26): error C2065: 'Node': 선언되지 않은 식별자입니다.
C:\project\과제 8주차 1번째 큐\과제 8주차 1번째 큐\소스.c(33,27): error C2059: 구문 오류: ')'
C:\project\과제 8주차 1번째 큐\과제 8주차 1번째 큐\소스.c(34,12): error C2065: 'tail_prev': 선언되지 않은 식별자입니다.
C:\project\과제 8주차 1번째 큐\과제 8주차 1번째 큐\소스.c(34,14): error C2223: '->value' 왼쪽은 구조체/공용 구조체를 가리켜야 합니다.
C:\project\과제 8주차 1번째 큐\과제 8주차 1번째 큐\소스.c(34,28): error C2223: '->value' 왼쪽은 구조체/공용 구조체를 가리켜야 합니다.
C:\project\과제 8주차 1번째 큐\과제 8주차 1번째 큐\소스.c(35,12): error C2065: 'tail_prev': 선언되지 않은 식별자입니다.
C:\project\과제 8주차 1번째 큐\과제 8주차 1번째 큐\소스.c(35,14): error C2223: '->next' 왼쪽은 구조체/공용 구조체를 가리켜야 합니다.
C:\project\과제 8주차 1번째 큐\과제 8주차 1번째 큐\소스.c(36,12): error C2065: 'tail_prev': 선언되지 않은 식별자입니다.
C:\project\과제 8주차 1번째 큐\과제 8주차 1번째 큐\소스.c(36,14): error C2223: '->prev' 왼쪽은 구조체/공용 구조체를 가리켜야 합니다.
C:\project\과제 8주차 1번째 큐\과제 8주차 1번째 큐\소스.c(36,27): error C2223: '->prev' 왼쪽은 구조체/공용 구조체를 가리켜야 합니다.
C:\project\과제 8주차 1번째 큐\과제 8주차 1번째 큐\소스.c(37,9): error C2223: '->value' 왼쪽은 구조체/공용 구조체를 가리켜야 합니다.
C:\project\과제 8주차 1번째 큐\과제 8주차 1번째 큐\소스.c(38,9): error C2223: '->prev' 왼쪽은 구조체/공용 구조체를 가리켜야 합니다.
C:\project\과제 8주차 1번째 큐\과제 8주차 1번째 큐\소스.c(38,25): error C2065: 'tail_prev': 선언되지 않은 식별자입니다.
C:\project\과제 8주차 1번째 큐\과제 8주차 1번째 큐\소스.c(39,9): error C2223: '->prev' 왼쪽은 구조체/공용 구조체를 가리켜야 합니다.
C:\project\과제 8주차 1번째 큐\과제 8주차 1번째 큐\소스.c(39,31): error C2065: 'tail_prev': 선언되지 않은 식별자입니다.
C:\project\과제 8주차 1번째 큐\과제 8주차 1번째 큐\소스.c(45,5): error C2143: 구문 오류: '{'이(가) '*' 앞에 없습니다.
C:\project\과제 8주차 1번째 큐\과제 8주차 1번째 큐\소스.c(53,6): error C2065: 'Node': 선언되지 않은 식별자입니다.
C:\project\과제 8주차 1번째 큐\과제 8주차 1번째 큐\소스.c(53,18): error C2065: 'free_Node': 선언되지 않은 식별자입니다.
C:\project\과제 8주차 1번째 큐\과제 8주차 1번째 큐\소스.c(53,25): error C2065: 'Node': 선언되지 않은 식별자입니다.
C:\project\과제 8주차 1번째 큐\과제 8주차 1번째 큐\소스.c(53,26): error C2059: 구문 오류: ')'
C:\project\과제 8주차 1번째 큐\과제 8주차 1번째 큐\소스.c(54,12): error C2065: 'free_Node': 선언되지 않은 식별자입니다.
C:\project\과제 8주차 1번째 큐\과제 8주차 1번째 큐\소스.c(54,18): warning C4047: '=': 'int'의 간접 참조 수준이 'int *'과(와) 다릅니다.
C:\project\과제 8주차 1번째 큐\과제 8주차 1번째 큐\소스.c(55,18): error C2065: 'free_Node': 선언되지 않은 식별자입니다.
C:\project\과제 8주차 1번째 큐\과제 8주차 1번째 큐\소스.c(57,17): error C2065: 'free_Node': 선언되지 않은 식별자입니다.
C:\project\과제 8주차 1번째 큐\과제 8주차 1번째 큐\소스.c(57,17): warning C4022: 'free': 실제 매개 변수 1의 포인터가 일치하지 않습니다.
C:\project\과제 8주차 1번째 큐\과제 8주차 1번째 큐\소스.c(58,13): error C2065: 'free_Node': 선언되지 않은 식별자입니다.
C:\project\과제 8주차 1번째 큐\과제 8주차 1번째 큐\소스.c(58,24): error C2065: 'free_Node': 선언되지 않은 식별자입니다.
C:\project\과제 8주차 1번째 큐\과제 8주차 1번째 큐\소스.c(58,26): error C2223: '->next' 왼쪽은 구조체/공용 구조체를 가리켜야 합니다.
C:\project\과제 8주차 1번째 큐\과제 8주차 1번째 큐\소스.c(65,15): error C2223: '->value' 왼쪽은 구조체/공용 구조체를 가리켜야 합니다.
C:\project\과제 8주차 1번째 큐\과제 8주차 1번째 큐\소스.c(65,20): warning C4033: 'front'은(는) 값을 반환해야 합니다.
C:\project\과제 8주차 1번째 큐\과제 8주차 1번째 큐\소스.c(70,5): error C2143: 구문 오류: '{'이(가) '*' 앞에 없습니다.
C:\project\과제 8주차 1번째 큐\과제 8주차 1번째 큐\소스.c(70,7): error C2040: 'remove': 'int *(int)'의 간접 참조 수준이 'int (const char *)'과(와) 다릅니다.
C:\project\과제 8주차 1번째 큐\과제 8주차 1번째 큐\소스.c(72,6): error C2065: 'Node': 선언되지 않은 식별자입니다.
C:\project\과제 8주차 1번째 큐\과제 8주차 1번째 큐\소스.c(72,15): error C2065: 'search': 선언되지 않은 식별자입니다.
C:\project\과제 8주차 1번째 큐\과제 8주차 1번째 큐\소스.c(72,22): error C2065: 'Node': 선언되지 않은 식별자입니다.
C:\project\과제 8주차 1번째 큐\과제 8주차 1번째 큐\소스.c(72,23): error C2059: 구문 오류: ')'
C:\project\과제 8주차 1번째 큐\과제 8주차 1번째 큐\소스.c(73,9): error C2065: 'search': 선언되지 않은 식별자입니다.
C:\project\과제 8주차 1번째 큐\과제 8주차 1번째 큐\소스.c(73,15): warning C4047: '=': 'int'의 간접 참조 수준이 'int *'과(와) 다릅니다.
C:\project\과제 8주차 1번째 큐\과제 8주차 1번째 큐\소스.c(74,6): error C2065: 'Node': 선언되지 않은 식별자입니다.
C:\project\과제 8주차 1번째 큐\과제 8주차 1번째 큐\소스.c(74,13): error C2065: 'save': 선언되지 않은 식별자입니다.
C:\project\과제 8주차 1번째 큐\과제 8주차 1번째 큐\소스.c(74,20): error C2065: 'Node': 선언되지 않은 식별자입니다.
C:\project\과제 8주차 1번째 큐\과제 8주차 1번째 큐\소스.c(74,21): error C2059: 구문 오류: ')'
C:\project\과제 8주차 1번째 큐\과제 8주차 1번째 큐\소스.c(76,15): error C2065: 'search': 선언되지 않은 식별자입니다.
C:\project\과제 8주차 1번째 큐\과제 8주차 1번째 큐\소스.c(78,13): error C2065: 'search': 선언되지 않은 식별자입니다.
C:\project\과제 8주차 1번째 큐\과제 8주차 1번째 큐\소스.c(78,15): error C2223: '->value' 왼쪽은 구조체/공용 구조체를 가리켜야 합니다.
C:\project\과제 8주차 1번째 큐\과제 8주차 1번째 큐\소스.c(80,9): error C2065: 'save': 선언되지 않은 식별자입니다.
C:\project\과제 8주차 1번째 큐\과제 8주차 1번째 큐\소스.c(80,17): error C2065: 'search': 선언되지 않은 식별자입니다.
C:\project\과제 8주차 1번째 큐\과제 8주차 1번째 큐\소스.c(81,14): error C2065: 'search': 선언되지 않은 식별자입니다.
C:\project\과제 8주차 1번째 큐\과제 8주차 1번째 큐\소스.c(81,16): error C2223: '->prev' 왼쪽은 구조체/공용 구조체를 가리켜야 합니다.
C:\project\과제 8주차 1번째 큐\과제 8주차 1번째 큐\소스.c(83,18): error C2223: '->next' 왼쪽은 구조체/공용 구조체를 가리켜야 합니다.
C:\project\과제 8주차 1번째 큐\과제 8주차 1번째 큐\소스.c(84,11): error C2223: '->prev' 왼쪽은 구조체/공용 구조체를 가리켜야 합니다.
C:\project\과제 8주차 1번째 큐\과제 8주차 1번째 큐\소스.c(85,12): error C2065: 'search': 선언되지 않은 식별자입니다.
C:\project\과제 8주차 1번째 큐\과제 8주차 1번째 큐\소스.c(85,20): error C2065: 'search': 선언되지 않은 식별자입니다.
C:\project\과제 8주차 1번째 큐\과제 8주차 1번째 큐\소스.c(85,22): error C2223: '->next' 왼쪽은 구조체/공용 구조체를 가리켜야 합니다.
C:\project\과제 8주차 1번째 큐\과제 8주차 1번째 큐\소스.c(87,19): error C2065: 'search': 선언되지 않은 식별자입니다.
C:\project\과제 8주차 1번째 큐\과제 8주차 1번째 큐\소스.c(87,21): error C2223: '->next' 왼쪽은 구조체/공용 구조체를 가리켜야 합니다.
C:\project\과제 8주차 1번째 큐\과제 8주차 1번째 큐\소스.c(89,18): error C2223: '->prev' 왼쪽은 구조체/공용 구조체를 가리켜야 합니다.
C:\project\과제 8주차 1번째 큐\과제 8주차 1번째 큐\소스.c(90,11): error C2223: '->next' 왼쪽은 구조체/공용 구조체를 가리켜야 합니다.
C:\project\과제 8주차 1번째 큐\과제 8주차 1번째 큐\소스.c(91,12): error C2065: 'search': 선언되지 않은 식별자입니다.
C:\project\과제 8주차 1번째 큐\과제 8주차 1번째 큐\소스.c(91,20): error C2065: 'search': 선언되지 않은 식별자입니다.
C:\project\과제 8주차 1번째 큐\과제 8주차 1번째 큐\소스.c(91,22): error C2223: '->prev' 왼쪽은 구조체/공용 구조체를 가리켜야 합니다.
C:\project\과제 8주차 1번째 큐\과제 8주차 1번째 큐\소스.c(95,11): error C2065: 'search': 선언되지 않은 식별자입니다.
C:\project\과제 8주차 1번째 큐\과제 8주차 1번째 큐\소스.c(95,13): error C2223: '->next' 왼쪽은 구조체/공용 구조체를 가리켜야 합니다.
C:\project\과제 8주차 1번째 큐\과제 8주차 1번째 큐\소스.c(95,32): error C2065: 'search': 선언되지 않은 식별자입니다.
C:\project\과제 8주차 1번째 큐\과제 8주차 1번째 큐\소스.c(95,34): error C2223: '->prev' 왼쪽은 구조체/공용 구조체를 가리켜야 합니다.
C:\project\과제 8주차 1번째 큐\과제 8주차 1번째 큐\소스.c(96,11): error C2065: 'search': 선언되지 않은 식별자입니다.
C:\project\과제 8주차 1번째 큐\과제 8주차 1번째 큐\소스.c(96,13): error C2223: '->prev' 왼쪽은 구조체/공용 구조체를 가리켜야 합니다.
C:\project\과제 8주차 1번째 큐\과제 8주차 1번째 큐\소스.c(96,32): error C2065: 'search': 선언되지 않은 식별자입니다.
C:\project\과제 8주차 1번째 큐\과제 8주차 1번째 큐\소스.c(96,34): error C2223: '->next' 왼쪽은 구조체/공용 구조체를 가리켜야 합니다.
C:\project\과제 8주차 1번째 큐\과제 8주차 1번째 큐\소스.c(98,15): error C2065: 'search': 선언되지 않은 식별자입니다.
C:\project\과제 8주차 1번째 큐\과제 8주차 1번째 큐\소스.c(98,15): warning C4022: 'free': 실제 매개 변수 1의 포인터가 일치하지 않습니다.
C:\project\과제 8주차 1번째 큐\과제 8주차 1번째 큐\소스.c(100,10): error C2065: 'search': 선언되지 않은 식별자입니다.
C:\project\과제 8주차 1번째 큐\과제 8주차 1번째 큐\소스.c(100,18): error C2065: 'search': 선언되지 않은 식별자입니다.
C:\project\과제 8주차 1번째 큐\과제 8주차 1번째 큐\소스.c(100,20): error C2223: '->next' 왼쪽은 구조체/공용 구조체를 가리켜야 합니다.
C:\project\과제 8주차 1번째 큐\과제 8주차 1번째 큐\소스.c(102,13): error C2065: 'save': 선언되지 않은 식별자입니다.
C:\project\과제 8주차 1번째 큐\과제 8주차 1번째 큐\소스.c(102,13): warning C4047: 'return': 'int *'의 간접 참조 수준이 'int'과(와) 다릅니다.
C:\project\과제 8주차 1번째 큐\과제 8주차 1번째 큐\소스.c(106,17): error C2143: 구문 오류: ')'이(가) '*' 앞에 없습니다.
C:\project\과제 8주차 1번째 큐\과제 8주차 1번째 큐\소스.c(106,17): error C2143: 구문 오류: '{'이(가) '*' 앞에 없습니다.
C:\project\과제 8주차 1번째 큐\과제 8주차 1번째 큐\소스.c(106,34): error C2143: 구문 오류: ';'이(가) '*' 앞에 없습니다.
C:\project\과제 8주차 1번째 큐\과제 8주차 1번째 큐\소스.c(106,44): error C2059: 구문 오류: ')'
C:\project\과제 8주차 1번째 큐\과제 8주차 1번째 큐\소스.c(107,1): error C2054: 'new_node' 다음에 '('가 필요합니다.
C:\project\과제 8주차 1번째 큐\과제 8주차 1번째 큐\소스.c(116,5): error C2143: 구문 오류: '{'이(가) '*' 앞에 없습니다.
C:\project\과제 8주차 1번째 큐\과제 8주차 1번째 큐\소스.c(116,30): error C2143: 구문 오류: ')'이(가) '*' 앞에 없습니다.
C:\project\과제 8주차 1번째 큐\과제 8주차 1번째 큐\소스.c(116,30): error C2081: 'Node': 정식 매개 변수 목록에 있는 이름이 잘못되었습니다.
C:\project\과제 8주차 1번째 큐\과제 8주차 1번째 큐\소스.c(116,30): error C2143: 구문 오류: '{'이(가) '*' 앞에 없습니다.
C:\project\과제 8주차 1번째 큐\과제 8주차 1번째 큐\소스.c(116,40): error C2059: 구문 오류: ')'
C:\project\과제 8주차 1번째 큐\과제 8주차 1번째 큐\소스.c(117,1): error C2054: 'new_node' 다음에 '('가 필요합니다.
C:\project\과제 8주차 1번째 큐\과제 8주차 1번째 큐\소스.c(135,5): error C2143: 구문 오류: '{'이(가) '*' 앞에 없습니다.
C:\project\과제 8주차 1번째 큐\과제 8주차 1번째 큐\소스.c(137,15): error C2065: 'search': 선언되지 않은 식별자입니다.
C:\project\과제 8주차 1번째 큐\과제 8주차 1번째 큐\소스.c(137,23): error C2059: 구문 오류: ')'
C:\project\과제 8주차 1번째 큐\과제 8주차 1번째 큐\소스.c(138,9): error C2065: 'search': 선언되지 않은 식별자입니다.
C:\project\과제 8주차 1번째 큐\과제 8주차 1번째 큐\소스.c(138,15): warning C4047: '=': 'int'의 간접 참조 수준이 'int *'과(와) 다릅니다.
C:\project\과제 8주차 1번째 큐\과제 8주차 1번째 큐\소스.c(141,13): error C2065: 'search': 선언되지 않은 식별자입니다.
C:\project\과제 8주차 1번째 큐\과제 8주차 1번째 큐\소스.c(141,15): error C2223: '->value' 왼쪽은 구조체/공용 구조체를 가리켜야 합니다.
C:\project\과제 8주차 1번째 큐\과제 8주차 1번째 큐\소스.c(143,17): error C2065: 'search': 선언되지 않은 식별자입니다.
C:\project\과제 8주차 1번째 큐\과제 8주차 1번째 큐\소스.c(143,17): fatal error C1003: 오류 수가 100개를 초과했습니다. 컴파일을 중지합니다.
